Error running program: could not open a new TTY: open /dev/tty: device not configured
ebug.go:48] ENTER: main
2025/07/18 05:09:53.619820 [main.go:134] Application starting with args: []
2025/07/18 05:09:53.619838 [main.go:145] Parsed command type: 0
2025/07/18 05:09:53.619842 [main.go:164] Loading configuration...
2025/07/18 05:09:53.619977 [main.go:171] Configuration loaded: CodebasesPath=/Users/dbrasdasilva/dev/vcs-codebases
2025/07/18 05:09:53.619982 [main.go:182] Command needs interactive TUI, launching...
2025/07/18 05:09:53.620004 [debug.go:48] ENTER: runTUI
2025/07/18 05:09:53.620008 [main.go:235] Starting TUI with initial state: 0
2025/07/18 05:09:53.620012 [main.go:250] Creating UI model...
2025/07/18 05:09:53.620082 [debug.go:48] ENTER: InitialModel
2025/07/18 05:09:53.620086 [model.go:202] Creating initial model with state: 0
2025/07/18 05:09:53.620111 [model.go:209] Config loaded: CodebasesPath='/Users/dbrasdasilva/dev/vcs-codebases'
2025/07/18 05:09:53.620119 [model.go:213] IsFirstRun: false, CodebasesPath empty: false
2025/07/18 05:09:53.620123 [model.go:225] Initializing managers with CodebasesPath: /Users/dbrasdasilva/dev/vcs-codebases
2025/07/18 05:09:53.620126 [model.go:230] Scanning for repositories...
2025/07/18 05:09:53.620139 [debug.go:48] ENTER: Manager.List
2025/07/18 05:09:53.620142 [repo.go:34] Scanning base path: /Users/dbrasdasilva/dev/vcs-codebases
2025/07/18 05:09:53.620147 [repo.go:46] First pass: scanning for git repositories...
2025/07/18 05:09:53.620347 [repo.go:61] Found git repository: github.com/RPi-Distro/pi-gen
2025/07/18 05:09:53.621796 [repo.go:61] Found git repository: github.com/alphacep/vosk-api
2025/07/18 05:09:53.625064 [repo.go:61] Found git repository: github.com/alphacep/vosk-server
2025/07/18 05:09:53.626779 [repo.go:61] Found git repository: github.com/burakorkmez/realtime-spotify-clone
2025/07/18 05:09:53.628950 [repo.go:61] Found git repository: github.com/dardevelin/Kekbar
2025/07/18 05:09:53.629288 [repo.go:61] Found git repository: github.com/dardevelin/gensystray
2025/07/18 05:09:53.629377 [repo.go:61] Found git repository: github.com/dardevelin/get-repo
2025/07/18 05:09:53.629793 [repo.go:61] Found git repository: github.com/dardevelin/googletest
2025/07/18 05:09:53.631864 [repo.go:61] Found git repository: github.com/dardevelin/libmumble
2025/07/18 05:09:53.632059 [repo.go:61] Found git repository: github.com/dardevelin/libmumble/_dependencies/cmake_compiler_flags-src
2025/07/18 05:09:53.632971 [repo.go:61] Found git repository: github.com/dardevelin/libmumble/_dependencies/googletest-src
2025/07/18 05:09:53.634496 [repo.go:61] Found git repository: github.com/dardevelin/libmumble/_dependencies/gsl-src
2025/07/18 05:09:53.636175 [repo.go:61] Found git repository: github.com/dardevelin/libmumble/_dependencies/quickpool-src
2025/07/18 05:09:53.648247 [repo.go:61] Found git repository: github.com/dardevelin/mumble
2025/07/18 05:09:53.654577 [repo.go:61] Found git repository: github.com/dardevelin/pifi
2025/07/18 05:09:53.655098 [repo.go:61] Found git repository: github.com/dardevelin/tide
2025/07/18 05:09:53.708257 [repo.go:61] Found git repository: github.com/dardevelin/tide/plugins/gui-swiftui/.build/checkouts/MessagePack
2025/07/18 05:09:53.709164 [repo.go:61] Found git repository: github.com/dardevelin/vosk-experiment
2025/07/18 05:09:53.709240 [repo.go:61] Found git repository: github.com/dardevelin/vosk-experiment/vosk-api
2025/07/18 05:09:53.721671 [repo.go:61] Found git repository: github.com/jackjackbits/bitchat
2025/07/18 05:09:53.722242 [repo.go:61] Found git repository: github.com/kuro-technology/fullstack-home-assignment-darcy
2025/07/18 05:09:53.729816 [repo.go:61] Found git repository: github.com/sharkdp/binocle
2025/07/18 05:09:53.730005 [repo.go:79] First pass complete, found 22 git repositories
2025/07/18 05:09:53.730011 [repo.go:82] Second pass: scanning for organizational directories...
2025/07/18 05:09:53.730044 [repo.go:116] Found organizational directory: bitbucket.com
2025/07/18 05:09:53.730067 [repo.go:116] Found organizational directory: github.com
2025/07/18 05:09:53.730102 [repo.go:116] Found organizational directory: github.com/RPi-Distro
2025/07/18 05:09:53.730125 [repo.go:103] Skipping already visited path: github.com/RPi-Distro/pi-gen
2025/07/18 05:09:53.730130 [repo.go:116] Found organizational directory: github.com/alphacep
2025/07/18 05:09:53.730154 [repo.go:103] Skipping already visited path: github.com/alphacep/vosk-api
2025/07/18 05:09:53.730158 [repo.go:103] Skipping already visited path: github.com/alphacep/vosk-server
2025/07/18 05:09:53.730162 [repo.go:116] Found organizational directory: github.com/burakorkmez
2025/07/18 05:09:53.730185 [repo.go:103] Skipping already visited path: github.com/burakorkmez/realtime-spotify-clone
2025/07/18 05:09:53.730359 [repo.go:116] Found organizational directory: github.com/dardevelin
2025/07/18 05:09:53.730388 [repo.go:103] Skipping already visited path: github.com/dardevelin/Kekbar
2025/07/18 05:09:53.730430 [repo.go:103] Skipping already visited path: github.com/dardevelin/gensystray
2025/07/18 05:09:53.730433 [repo.go:103] Skipping already visited path: github.com/dardevelin/get-repo
2025/07/18 05:09:53.730436 [repo.go:103] Skipping already visited path: github.com/dardevelin/googletest
2025/07/18 05:09:53.730455 [repo.go:103] Skipping already visited path: github.com/dardevelin/libmumble
2025/07/18 05:09:53.730459 [repo.go:103] Skipping already visited path: github.com/dardevelin/mumble
2025/07/18 05:09:53.730462 [repo.go:103] Skipping already visited path: github.com/dardevelin/pifi
2025/07/18 05:09:53.730465 [repo.go:103] Skipping already visited path: github.com/dardevelin/tide
2025/07/18 05:09:53.730468 [repo.go:103] Skipping already visited path: github.com/dardevelin/vosk-experiment
2025/07/18 05:09:53.730471 [repo.go:116] Found organizational directory: github.com/jackjackbits
2025/07/18 05:09:53.730495 [repo.go:103] Skipping already visited path: github.com/jackjackbits/bitchat
2025/07/18 05:09:53.730498 [repo.go:116] Found organizational directory: github.com/kuro-technology
2025/07/18 05:09:53.730518 [repo.go:103] Skipping already visited path: github.com/kuro-technology/fullstack-home-assignment-darcy
2025/07/18 05:09:53.730521 [repo.go:116] Found organizational directory: github.com/marc-dantas
2025/07/18 05:09:53.730538 [repo.go:116] Found organizational directory: github.com/sharkdp
2025/07/18 05:09:53.730556 [repo.go:103] Skipping already visited path: github.com/sharkdp/binocle
2025/07/18 05:09:53.730559 [repo.go:116] Found organizational directory: gitlab.com
2025/07/18 05:09:53.730576 [repo.go:132] Repository scan complete, total found: 33
2025/07/18 05:09:53.730593 [debug.go:51] EXIT:  Manager.List (took 110.4385ms)
2025/07/18 05:09:53.730599 [model.go:236] Found 33 repositories
2025/07/18 05:09:53.730602 [model.go:245] Building repository tree...
2025/07/18 05:09:53.730631 [model.go:247] Built tree with 3 root nodes
2025/07/18 05:09:53.730634 [model.go:250] Flattening tree for display...
2025/07/18 05:09:53.730641 [model.go:252] Created 11 list items
2025/07/18 05:09:53.730976 [debug.go:51] EXIT:  InitialModel (took 110.889667ms)
2025/07/18 05:09:53.730983 [main.go:252] UI model created successfully
2025/07/18 05:09:53.730986 [main.go:254] Creating tea program...
2025/07/18 05:09:53.731012 [main.go:260] Tea program created, starting...
2025/07/18 05:09:53.731049 [debug.go:58] ERROR: running tea program - could not open a new TTY: open /dev/tty: device not configured
